This file contains any messages produced by compilers while
running configure, to aid debugging if configure makes a mistake.

It was created by CRM114 configure 20040627-BlameSeifkes-auto.1, which was
generated by GNU Autoconf 2.60.  Invocation command line was

  $ /home/ger/prj/3actual/crm114/configure --enable-debug=full

## --------- ##
## Platform. ##
## --------- ##

hostname = Debbie
uname -m = x86_64
uname -r = 2.6.18.8-0.3-default
uname -s = Linux
uname -v = #1 SMP Tue Apr 17 08:42:35 UTC 2007

/usr/bin/uname -p = unknown
/bin/uname -X     = unknown

/bin/arch              = x86_64
/usr/bin/arch -k       = unknown
/usr/convex/getsysinfo = unknown
/usr/bin/hostinfo      = unknown
/bin/machine           = unknown
/usr/bin/oslevel       = unknown
/bin/universe          = unknown

PATH: /home/ger/bin
PATH: /usr/local/bin
PATH: /usr/bin
PATH: /usr/X11R6/bin
PATH: /bin
PATH: /usr/games
PATH: /opt/gnome/bin
PATH: /opt/kde3/bin
PATH: /usr/lib64/jvm/jre/bin
PATH: /usr/lib/mit/bin
PATH: /usr/lib/mit/sbin
PATH: /usr/lib/qt3/bin


## ----------- ##
## Core tests. ##
## ----------- ##

configure:1792: checking for a BSD-compatible install
configure:1848: result: /usr/bin/install -c
configure:1859: checking whether build environment is sane
configure:1902: result: yes
configure:1967: checking for gawk
configure:1983: found /usr/bin/gawk
configure:1994: result: gawk
configure:2005: checking whether make sets $(MAKE)
configure:2026: result: yes
configure:2288: checking for gcc
configure:2304: found /usr/bin/gcc
configure:2315: result: gcc
configure:2553: checking for C compiler version
configure:2560: gcc --version >&5
gcc (GCC) 4.1.2 20061115 (prerelease) (SUSE Linux)
Copyright (C) 2006 Free Software Foundation, Inc.
This is free software; see the source for copying conditions.  There is NO
warranty; not even for MERCHANTABILITY or FITNESS FOR A PARTICULAR PURPOSE.

configure:2563: $? = 0
configure:2570: gcc -v >&5
Using built-in specs.
Target: x86_64-suse-linux
Configured with: ../configure --enable-threads=posix --prefix=/usr --with-local-prefix=/usr/local --infodir=/usr/share/info --mandir=/usr/share/man --libdir=/usr/lib64 --libexecdir=/usr/lib64 --enable-languages=c,c++,objc,fortran,obj-c++,java,ada --enable-checking=release --with-gxx-include-dir=/usr/include/c++/4.1.2 --enable-ssp --disable-libssp --disable-libgcj --with-slibdir=/lib64 --with-system-zlib --enable-shared --enable-__cxa_atexit --enable-libstdcxx-allocator=new --program-suffix=-4.1 --enable-version-specific-runtime-libs --without-system-libunwind --with-cpu=generic --host=x86_64-suse-linux
Thread model: posix
gcc version 4.1.2 20061115 (prerelease) (SUSE Linux)
configure:2573: $? = 0
configure:2580: gcc -V >&5
gcc: '-V' option must have argument
configure:2583: $? = 1
configure:2606: checking for C compiler default output file name
configure:2633: gcc -O0 -g3   conftest.c  >&5
configure:2636: $? = 0
configure:2682: result: a.out
configure:2687: checking whether the C compiler works
configure:2697: ./a.out
configure:2700: $? = 0
configure:2717: result: yes
configure:2724: checking whether we are cross compiling
configure:2726: result: no
configure:2729: checking for suffix of executables
configure:2736: gcc -o conftest -O0 -g3   conftest.c  >&5
configure:2739: $? = 0
configure:2763: result: 
configure:2769: checking for suffix of object files
configure:2795: gcc -c -O0 -g3  conftest.c >&5
configure:2798: $? = 0
configure:2821: result: o
configure:2825: checking whether we are using the GNU C compiler
configure:2854: gcc -c -O0 -g3  conftest.c >&5
configure:2860: $? = 0
configure:2867: test -z "$ac_c_werror_flag" || test ! -s conftest.err
configure:2870: $? = 0
configure:2877: test -s conftest.o
configure:2880: $? = 0
configure:2894: result: yes
configure:2899: checking whether gcc accepts -g
configure:2929: gcc -c -g  conftest.c >&5
configure:2935: $? = 0
configure:2942: test -z "$ac_c_werror_flag" || test ! -s conftest.err
configure:2945: $? = 0
configure:2952: test -s conftest.o
configure:2955: $? = 0
configure:3085: result: yes
configure:3102: checking for gcc option to accept ISO C89
configure:3176: gcc  -c -O0 -g3  conftest.c >&5
configure:3182: $? = 0
configure:3189: test -z "$ac_c_werror_flag" || test ! -s conftest.err
configure:3192: $? = 0
configure:3199: test -s conftest.o
configure:3202: $? = 0
configure:3222: result: none needed
configure:3251: checking for style of include used by make
configure:3279: result: GNU
configure:3307: checking dependency style of gcc
configure:3397: result: gcc3
configure:3420: checking whether to enable maintainer-specific portions of Makefiles
configure:3429: result: no
configure:3457: checking for a BSD-compatible install
configure:3513: result: /usr/bin/install -c
configure:3524: checking whether make sets $(MAKE)
configure:3545: result: yes
configure:3597: checking for ranlib
configure:3613: found /usr/bin/ranlib
configure:3624: result: ranlib
configure:3650: checking whether ln -s works
configure:3654: result: yes
configure:3669: checking build system type
configure:3687: result: x86_64-suse-linux-gnu
configure:3709: checking host system type
configure:3724: result: x86_64-suse-linux-gnu
configure:3756: checking for matherr in -lm
configure:3791: gcc -o conftest -O0 -g3   conftest.c -lm   >&5
configure:3797: $? = 0
configure:3804: test -z "$ac_c_werror_flag" || test ! -s conftest.err
configure:3807: $? = 0
configure:3814: test -s conftest
configure:3817: $? = 0
configure:3831: result: yes
configure:3847: checking for regcomp in -ltre
configure:3882: gcc -o conftest -O0 -g3   conftest.c -ltre  -lm  >&5
configure:3888: $? = 0
configure:3895: test -z "$ac_c_werror_flag" || test ! -s conftest.err
configure:3898: $? = 0
configure:3905: test -s conftest
configure:3908: $? = 0
configure:3922: result: yes
configure:4064: checking wether your runtime environment is ok
configure:4084: gcc -o conftest -O0 -g3   conftest.c -ltre -lm  >&5
conftest.c: In function 'main':
conftest.c:2: warning: incompatible implicit declaration of built-in function 'exit'
configure:4087: $? = 0
configure:4093: ./conftest
configure:4096: $? = 0
configure:4120: result: yes
configure:4132: checking for dirent.h that defines DIR
configure:4161: gcc -c -O0 -g3  conftest.c >&5
configure:4167: $? = 0
configure:4174: test -z "$ac_c_werror_flag" || test ! -s conftest.err
configure:4177: $? = 0
configure:4184: test -s conftest.o
configure:4187: $? = 0
configure:4200: result: yes
configure:4213: checking for library containing opendir
configure:4254: gcc -o conftest -O0 -g3   conftest.c -ltre -lm  >&5
configure:4260: $? = 0
configure:4267: test -z "$ac_c_werror_flag" || test ! -s conftest.err
configure:4270: $? = 0
configure:4277: test -s conftest
configure:4280: $? = 0
configure:4304: result: none required
configure:4422: checking how to run the C preprocessor
configure:4462: gcc -E  conftest.c
configure:4468: $? = 0
configure:4506: gcc -E  conftest.c
conftest.c:15:28: error: ac_nonexistent.h: No such file or directory
configure:4512: $? = 1
configure: failed program was:
| /* confdefs.h.  */
| #define PACKAGE_NAME "CRM114"
| #define PACKAGE_TARNAME "crm114"
| #define PACKAGE_VERSION "20040627-BlameSeifkes-auto.1"
| #define PACKAGE_STRING "CRM114 20040627-BlameSeifkes-auto.1"
| #define PACKAGE_BUGREPORT "crm114-general@lists.sourceforge.net"
| #define PACKAGE "crm114"
| #define VERSION "20040627-BlameSeifkes-auto.1"
| #define _GNU_SOURCE 1
| #define HOSTTYPE "linux-gnu"
| #define HAVE_LIBM 1
| #define HAVE_LIBTRE 1
| #define HAVE_DIRENT_H 1
| /* end confdefs.h.  */
| #include <ac_nonexistent.h>
configure:4552: result: gcc -E
configure:4581: gcc -E  conftest.c
configure:4587: $? = 0
configure:4625: gcc -E  conftest.c
conftest.c:15:28: error: ac_nonexistent.h: No such file or directory
configure:4631: $? = 1
configure: failed program was:
| /* confdefs.h.  */
| #define PACKAGE_NAME "CRM114"
| #define PACKAGE_TARNAME "crm114"
| #define PACKAGE_VERSION "20040627-BlameSeifkes-auto.1"
| #define PACKAGE_STRING "CRM114 20040627-BlameSeifkes-auto.1"
| #define PACKAGE_BUGREPORT "crm114-general@lists.sourceforge.net"
| #define PACKAGE "crm114"
| #define VERSION "20040627-BlameSeifkes-auto.1"
| #define _GNU_SOURCE 1
| #define HOSTTYPE "linux-gnu"
| #define HAVE_LIBM 1
| #define HAVE_LIBTRE 1
| #define HAVE_DIRENT_H 1
| /* end confdefs.h.  */
| #include <ac_nonexistent.h>
configure:4676: checking for grep that handles long lines and -e
configure:4750: result: /usr/bin/grep
configure:4755: checking for egrep
configure:4833: result: /usr/bin/grep -E
configure:4838: checking for ANSI C header files
configure:4868: gcc -c -O0 -g3  conftest.c >&5
configure:4874: $? = 0
configure:4881: test -z "$ac_c_werror_flag" || test ! -s conftest.err
configure:4884: $? = 0
configure:4891: test -s conftest.o
configure:4894: $? = 0
configure:4990: gcc -o conftest -O0 -g3   conftest.c -ltre -lm  >&5
configure:4993: $? = 0
configure:4999: ./conftest
configure:5002: $? = 0
configure:5019: result: yes
configure:5030: checking for sys/wait.h that is POSIX.1 compatible
configure:5066: gcc -c -O0 -g3  conftest.c >&5
configure:5072: $? = 0
configure:5079: test -z "$ac_c_werror_flag" || test ! -s conftest.err
configure:5082: $? = 0
configure:5089: test -s conftest.o
configure:5092: $? = 0
configure:5104: result: yes
configure:5128: checking for sys/types.h
configure:5149: gcc -c -O0 -g3  conftest.c >&5
configure:5155: $? = 0
configure:5162: test -z "$ac_c_werror_flag" || test ! -s conftest.err
configure:5165: $? = 0
configure:5172: test -s conftest.o
configure:5175: $? = 0
configure:5188: result: yes
configure:5128: checking for sys/stat.h
configure:5149: gcc -c -O0 -g3  conftest.c >&5
configure:5155: $? = 0
configure:5162: test -z "$ac_c_werror_flag" || test ! -s conftest.err
configure:5165: $? = 0
configure:5172: test -s conftest.o
configure:5175: $? = 0
configure:5188: result: yes
configure:5128: checking for stdlib.h
configure:5149: gcc -c -O0 -g3  conftest.c >&5
configure:5155: $? = 0
configure:5162: test -z "$ac_c_werror_flag" || test ! -s conftest.err
configure:5165: $? = 0
configure:5172: test -s conftest.o
configure:5175: $? = 0
configure:5188: result: yes
configure:5128: checking for string.h
configure:5149: gcc -c -O0 -g3  conftest.c >&5
configure:5155: $? = 0
configure:5162: test -z "$ac_c_werror_flag" || test ! -s conftest.err
configure:5165: $? = 0
configure:5172: test -s conftest.o
configure:5175: $? = 0
configure:5188: result: yes
configure:5128: checking for memory.h
configure:5149: gcc -c -O0 -g3  conftest.c >&5
configure:5155: $? = 0
configure:5162: test -z "$ac_c_werror_flag" || test ! -s conftest.err
configure:5165: $? = 0
configure:5172: test -s conftest.o
configure:5175: $? = 0
configure:5188: result: yes
configure:5128: checking for strings.h
configure:5149: gcc -c -O0 -g3  conftest.c >&5
configure:5155: $? = 0
configure:5162: test -z "$ac_c_werror_flag" || test ! -s conftest.err
configure:5165: $? = 0
configure:5172: test -s conftest.o
configure:5175: $? = 0
configure:5188: result: yes
configure:5128: checking for inttypes.h
configure:5149: gcc -c -O0 -g3  conftest.c >&5
configure:5155: $? = 0
configure:5162: test -z "$ac_c_werror_flag" || test ! -s conftest.err
configure:5165: $? = 0
configure:5172: test -s conftest.o
configure:5175: $? = 0
configure:5188: result: yes
configure:5128: checking for stdint.h
configure:5149: gcc -c -O0 -g3  conftest.c >&5
configure:5155: $? = 0
configure:5162: test -z "$ac_c_werror_flag" || test ! -s conftest.err
configure:5165: $? = 0
configure:5172: test -s conftest.o
configure:5175: $? = 0
configure:5188: result: yes
configure:5128: checking for unistd.h
configure:5149: gcc -c -O0 -g3  conftest.c >&5
configure:5155: $? = 0
configure:5162: test -z "$ac_c_werror_flag" || test ! -s conftest.err
configure:5165: $? = 0
configure:5172: test -s conftest.o
configure:5175: $? = 0
configure:5188: result: yes
configure:5219: checking fcntl.h usability
configure:5236: gcc -c -O0 -g3  conftest.c >&5
configure:5242: $? = 0
configure:5249: test -z "$ac_c_werror_flag" || test ! -s conftest.err
configure:5252: $? = 0
configure:5259: test -s conftest.o
configure:5262: $? = 0
configure:5273: result: yes
configure:5277: checking fcntl.h presence
configure:5292: gcc -E  conftest.c
configure:5298: $? = 0
configure:5319: result: yes
configure:5352: checking for fcntl.h
configure:5360: result: yes
configure:5219: checking float.h usability
configure:5236: gcc -c -O0 -g3  conftest.c >&5
configure:5242: $? = 0
configure:5249: test -z "$ac_c_werror_flag" || test ! -s conftest.err
configure:5252: $? = 0
configure:5259: test -s conftest.o
configure:5262: $? = 0
configure:5273: result: yes
configure:5277: checking float.h presence
configure:5292: gcc -E  conftest.c
configure:5298: $? = 0
configure:5319: result: yes
configure:5352: checking for float.h
configure:5360: result: yes
configure:5209: checking for stdlib.h
configure:5215: result: yes
configure:5209: checking for string.h
configure:5215: result: yes
configure:5209: checking for unistd.h
configure:5215: result: yes
configure:5375: checking for an ANSI C-conforming const
configure:5450: gcc -c -O0 -g3  conftest.c >&5
configure:5456: $? = 0
configure:5463: test -z "$ac_c_werror_flag" || test ! -s conftest.err
configure:5466: $? = 0
configure:5473: test -s conftest.o
configure:5476: $? = 0
configure:5488: result: yes
configure:5498: checking for inline
configure:5524: gcc -c -O0 -g3  conftest.c >&5
configure:5530: $? = 0
configure:5537: test -z "$ac_c_werror_flag" || test ! -s conftest.err
configure:5540: $? = 0
configure:5547: test -s conftest.o
configure:5550: $? = 0
configure:5565: result: inline
configure:5584: checking for pid_t
configure:5614: gcc -c -O0 -g3  conftest.c >&5
configure:5620: $? = 0
configure:5627: test -z "$ac_c_werror_flag" || test ! -s conftest.err
configure:5630: $? = 0
configure:5637: test -s conftest.o
configure:5640: $? = 0
configure:5652: result: yes
configure:5664: checking for size_t
configure:5694: gcc -c -O0 -g3  conftest.c >&5
configure:5700: $? = 0
configure:5707: test -z "$ac_c_werror_flag" || test ! -s conftest.err
configure:5710: $? = 0
configure:5717: test -s conftest.o
configure:5720: $? = 0
configure:5732: result: yes
configure:5744: checking for stdbool.h that conforms to C99
configure:5837: gcc -c -O0 -g3  conftest.c >&5
configure:5843: $? = 0
configure:5850: test -z "$ac_c_werror_flag" || test ! -s conftest.err
configure:5853: $? = 0
configure:5860: test -s conftest.o
configure:5863: $? = 0
configure:5875: result: yes
configure:5877: checking for _Bool
configure:5907: gcc -c -O0 -g3  conftest.c >&5
configure:5913: $? = 0
configure:5920: test -z "$ac_c_werror_flag" || test ! -s conftest.err
configure:5923: $? = 0
configure:5930: test -s conftest.o
configure:5933: $? = 0
configure:5945: result: yes
configure:5966: checking for error_at_line
configure:5992: gcc -o conftest -O0 -g3   conftest.c -ltre -lm  >&5
configure:5998: $? = 0
configure:6005: test -z "$ac_c_werror_flag" || test ! -s conftest.err
configure:6008: $? = 0
configure:6015: test -s conftest
configure:6018: $? = 0
configure:6031: result: yes
configure:6057: checking vfork.h usability
configure:6074: gcc -c -O0 -g3  conftest.c >&5
conftest.c:66:19: error: vfork.h: No such file or directory
configure:6080: $? = 1
configure: failed program was:
| /* confdefs.h.  */
| #define PACKAGE_NAME "CRM114"
| #define PACKAGE_TARNAME "crm114"
| #define PACKAGE_VERSION "20040627-BlameSeifkes-auto.1"
| #define PACKAGE_STRING "CRM114 20040627-BlameSeifkes-auto.1"
| #define PACKAGE_BUGREPORT "crm114-general@lists.sourceforge.net"
| #define PACKAGE "crm114"
| #define VERSION "20040627-BlameSeifkes-auto.1"
| #define _GNU_SOURCE 1
| #define HOSTTYPE "linux-gnu"
| #define HAVE_LIBM 1
| #define HAVE_LIBTRE 1
| #define HAVE_DIRENT_H 1
| #define STDC_HEADERS 1
| #define HAVE_SYS_WAIT_H 1
| #define HAVE_SYS_TYPES_H 1
| #define HAVE_SYS_STAT_H 1
| #define HAVE_STDLIB_H 1
| #define HAVE_STRING_H 1
| #define HAVE_MEMORY_H 1
| #define HAVE_STRINGS_H 1
| #define HAVE_INTTYPES_H 1
| #define HAVE_STDINT_H 1
| #define HAVE_UNISTD_H 1
| #define HAVE_FCNTL_H 1
| #define HAVE_FLOAT_H 1
| #define HAVE_STDLIB_H 1
| #define HAVE_STRING_H 1
| #define HAVE_UNISTD_H 1
| #define HAVE__BOOL 1
| #define HAVE_STDBOOL_H 1
| /* end confdefs.h.  */
| #include <stdio.h>
| #if HAVE_SYS_TYPES_H
| # include <sys/types.h>
| #endif
| #if HAVE_SYS_STAT_H
| # include <sys/stat.h>
| #endif
| #if STDC_HEADERS
| # include <stdlib.h>
| # include <stddef.h>
| #else
| # if HAVE_STDLIB_H
| #  include <stdlib.h>
| # endif
| #endif
| #if HAVE_STRING_H
| # if !STDC_HEADERS && HAVE_MEMORY_H
| #  include <memory.h>
| # endif
| # include <string.h>
| #endif
| #if HAVE_STRINGS_H
| # include <strings.h>
| #endif
| #if HAVE_INTTYPES_H
| # include <inttypes.h>
| #endif
| #if HAVE_STDINT_H
| # include <stdint.h>
| #endif
| #if HAVE_UNISTD_H
| # include <unistd.h>
| #endif
| #include <vfork.h>
configure:6111: result: no
configure:6115: checking vfork.h presence
configure:6130: gcc -E  conftest.c
conftest.c:33:19: error: vfork.h: No such file or directory
configure:6136: $? = 1
configure: failed program was:
| /* confdefs.h.  */
| #define PACKAGE_NAME "CRM114"
| #define PACKAGE_TARNAME "crm114"
| #define PACKAGE_VERSION "20040627-BlameSeifkes-auto.1"
| #define PACKAGE_STRING "CRM114 20040627-BlameSeifkes-auto.1"
| #define PACKAGE_BUGREPORT "crm114-general@lists.sourceforge.net"
| #define PACKAGE "crm114"
| #define VERSION "20040627-BlameSeifkes-auto.1"
| #define _GNU_SOURCE 1
| #define HOSTTYPE "linux-gnu"
| #define HAVE_LIBM 1
| #define HAVE_LIBTRE 1
| #define HAVE_DIRENT_H 1
| #define STDC_HEADERS 1
| #define HAVE_SYS_WAIT_H 1
| #define HAVE_SYS_TYPES_H 1
| #define HAVE_SYS_STAT_H 1
| #define HAVE_STDLIB_H 1
| #define HAVE_STRING_H 1
| #define HAVE_MEMORY_H 1
| #define HAVE_STRINGS_H 1
| #define HAVE_INTTYPES_H 1
| #define HAVE_STDINT_H 1
| #define HAVE_UNISTD_H 1
| #define HAVE_FCNTL_H 1
| #define HAVE_FLOAT_H 1
| #define HAVE_STDLIB_H 1
| #define HAVE_STRING_H 1
| #define HAVE_UNISTD_H 1
| #define HAVE__BOOL 1
| #define HAVE_STDBOOL_H 1
| /* end confdefs.h.  */
| #include <vfork.h>
configure:6157: result: no
configure:6190: checking for vfork.h
configure:6198: result: no
configure:6216: checking for fork
configure:6272: gcc -o conftest -O0 -g3   conftest.c -ltre -lm  >&5
conftest.c:56: warning: conflicting types for built-in function 'fork'
configure:6278: $? = 0
configure:6285: test -z "$ac_c_werror_flag" || test ! -s conftest.err
configure:6288: $? = 0
configure:6295: test -s conftest
configure:6298: $? = 0
configure:6312: result: yes
configure:6216: checking for vfork
configure:6272: gcc -o conftest -O0 -g3   conftest.c -ltre -lm  >&5
configure:6278: $? = 0
configure:6285: test -z "$ac_c_werror_flag" || test ! -s conftest.err
configure:6288: $? = 0
configure:6295: test -s conftest
configure:6298: $? = 0
configure:6312: result: yes
configure:6323: checking for working fork
configure:6355: gcc -o conftest -O0 -g3   conftest.c -ltre -lm  >&5
configure:6358: $? = 0
configure:6364: ./conftest
configure:6367: $? = 0
configure:6383: result: yes
configure:6404: checking for working vfork
configure:6542: result: yes
configure:6581: checking for stdlib.h
configure:6587: result: yes
configure:6745: checking for GNU libc compatible malloc
configure:6779: gcc -o conftest -O0 -g3   conftest.c -ltre -lm  >&5
configure:6782: $? = 0
configure:6788: ./conftest
configure:6791: $? = 0
configure:6807: result: yes
configure:6836: checking for working memcmp
configure:6889: gcc -o conftest -O0 -g3   conftest.c -ltre -lm  >&5
configure:6892: $? = 0
configure:6898: ./conftest
configure:6901: $? = 0
configure:6917: result: yes
configure:6932: checking for stdlib.h
configure:6938: result: yes
configure:6932: checking for unistd.h
configure:6938: result: yes
configure:7100: checking for getpagesize
configure:7156: gcc -o conftest -O0 -g3   conftest.c -ltre -lm  >&5
configure:7162: $? = 0
configure:7169: test -z "$ac_c_werror_flag" || test ! -s conftest.err
configure:7172: $? = 0
configure:7179: test -s conftest
configure:7182: $? = 0
configure:7196: result: yes
configure:7206: checking for working mmap
configure:7353: gcc -o conftest -O0 -g3   conftest.c -ltre -lm  >&5
configure:7356: $? = 0
configure:7362: ./conftest
configure:7365: $? = 0
configure:7381: result: yes
configure:7392: checking for function prototypes
configure:7395: result: yes
configure:7412: checking whether setvbuf arguments are reversed
configure:7442: gcc -o conftest -O0 -g3   conftest.c -ltre -lm  >&5
conftest.c:47: error: conflicting types for 'setvbuf'
/usr/include/stdio.h:308: error: previous declaration of 'setvbuf' was here
configure:7448: $? = 1
configure: failed program was:
| /* confdefs.h.  */
| #define PACKAGE_NAME "CRM114"
| #define PACKAGE_TARNAME "crm114"
| #define PACKAGE_VERSION "20040627-BlameSeifkes-auto.1"
| #define PACKAGE_STRING "CRM114 20040627-BlameSeifkes-auto.1"
| #define PACKAGE_BUGREPORT "crm114-general@lists.sourceforge.net"
| #define PACKAGE "crm114"
| #define VERSION "20040627-BlameSeifkes-auto.1"
| #define _GNU_SOURCE 1
| #define HOSTTYPE "linux-gnu"
| #define HAVE_LIBM 1
| #define HAVE_LIBTRE 1
| #define HAVE_DIRENT_H 1
| #define STDC_HEADERS 1
| #define HAVE_SYS_WAIT_H 1
| #define HAVE_SYS_TYPES_H 1
| #define HAVE_SYS_STAT_H 1
| #define HAVE_STDLIB_H 1
| #define HAVE_STRING_H 1
| #define HAVE_MEMORY_H 1
| #define HAVE_STRINGS_H 1
| #define HAVE_INTTYPES_H 1
| #define HAVE_STDINT_H 1
| #define HAVE_UNISTD_H 1
| #define HAVE_FCNTL_H 1
| #define HAVE_FLOAT_H 1
| #define HAVE_STDLIB_H 1
| #define HAVE_STRING_H 1
| #define HAVE_UNISTD_H 1
| #define HAVE__BOOL 1
| #define HAVE_STDBOOL_H 1
| #define HAVE_FORK 1
| #define HAVE_VFORK 1
| #define HAVE_WORKING_VFORK 1
| #define HAVE_WORKING_FORK 1
| #define HAVE_STDLIB_H 1
| #define HAVE_MALLOC 1
| #define HAVE_STDLIB_H 1
| #define HAVE_UNISTD_H 1
| #define HAVE_GETPAGESIZE 1
| #define HAVE_MMAP 1
| #define PROTOTYPES 1
| #define __PROTOTYPES 1
| /* end confdefs.h.  */
| #include <stdio.h>
| #	  if PROTOTYPES
| 	   int (setvbuf) (FILE *, int, char *, size_t);
| #	  endif
| int
| main ()
| {
| char buf; return setvbuf (stdout, _IOLBF, &buf, 1);
|   ;
|   return 0;
| }
configure:7601: result: no
configure:7611: checking whether lstat dereferences a symlink specified with a trailing slash
configure:7647: gcc -o conftest -O0 -g3   conftest.c -ltre -lm  >&5
configure:7650: $? = 0
configure:7656: ./conftest
configure:7659: $? = 0
configure:7682: result: yes
configure:7701: checking whether stat accepts an empty string
configure:7731: gcc -o conftest -O0 -g3   conftest.c -ltre -lm  >&5
configure:7734: $? = 0
configure:7740: ./conftest
configure:7743: $? = 0
configure:7759: result: no
configure:7788: checking for dup2
configure:7844: gcc -o conftest -O0 -g3   conftest.c -ltre -lm  >&5
configure:7850: $? = 0
configure:7857: test -z "$ac_c_werror_flag" || test ! -s conftest.err
configure:7860: $? = 0
configure:7867: test -s conftest
configure:7870: $? = 0
configure:7884: result: yes
configure:7788: checking for floor
configure:7844: gcc -o conftest -O0 -g3   conftest.c -ltre -lm  >&5
conftest.c:70: warning: conflicting types for built-in function 'floor'
configure:7850: $? = 0
configure:7857: test -z "$ac_c_werror_flag" || test ! -s conftest.err
configure:7860: $? = 0
configure:7867: test -s conftest
configure:7870: $? = 0
configure:7884: result: yes
configure:7788: checking for memchr
configure:7844: gcc -o conftest -O0 -g3   conftest.c -ltre -lm  >&5
configure:7850: $? = 0
configure:7857: test -z "$ac_c_werror_flag" || test ! -s conftest.err
configure:7860: $? = 0
configure:7867: test -s conftest
configure:7870: $? = 0
configure:7884: result: yes
configure:7788: checking for memmove
configure:7844: gcc -o conftest -O0 -g3   conftest.c -ltre -lm  >&5
conftest.c:72: warning: conflicting types for built-in function 'memmove'
configure:7850: $? = 0
configure:7857: test -z "$ac_c_werror_flag" || test ! -s conftest.err
configure:7860: $? = 0
configure:7867: test -s conftest
configure:7870: $? = 0
configure:7884: result: yes
configure:7788: checking for munmap
configure:7844: gcc -o conftest -O0 -g3   conftest.c -ltre -lm  >&5
configure:7850: $? = 0
configure:7857: test -z "$ac_c_werror_flag" || test ! -s conftest.err
configure:7860: $? = 0
configure:7867: test -s conftest
configure:7870: $? = 0
configure:7884: result: yes
configure:7788: checking for strcasecmp
configure:7844: gcc -o conftest -O0 -g3   conftest.c -ltre -lm  >&5
conftest.c:74: warning: conflicting types for built-in function 'strcasecmp'
configure:7850: $? = 0
configure:7857: test -z "$ac_c_werror_flag" || test ! -s conftest.err
configure:7860: $? = 0
configure:7867: test -s conftest
configure:7870: $? = 0
configure:7884: result: yes
configure:7788: checking for strcspn
configure:7844: gcc -o conftest -O0 -g3   conftest.c -ltre -lm  >&5
conftest.c:75: warning: conflicting types for built-in function 'strcspn'
configure:7850: $? = 0
configure:7857: test -z "$ac_c_werror_flag" || test ! -s conftest.err
configure:7860: $? = 0
configure:7867: test -s conftest
configure:7870: $? = 0
configure:7884: result: yes
configure:7788: checking for strdup
configure:7844: gcc -o conftest -O0 -g3   conftest.c -ltre -lm  >&5
conftest.c:76: warning: conflicting types for built-in function 'strdup'
configure:7850: $? = 0
configure:7857: test -z "$ac_c_werror_flag" || test ! -s conftest.err
configure:7860: $? = 0
configure:7867: test -s conftest
configure:7870: $? = 0
configure:7884: result: yes
configure:7788: checking for strncasecmp
configure:7844: gcc -o conftest -O0 -g3   conftest.c -ltre -lm  >&5
conftest.c:77: warning: conflicting types for built-in function 'strncasecmp'
configure:7850: $? = 0
configure:7857: test -z "$ac_c_werror_flag" || test ! -s conftest.err
configure:7860: $? = 0
configure:7867: test -s conftest
configure:7870: $? = 0
configure:7884: result: yes
configure:7788: checking for strstr
configure:7844: gcc -o conftest -O0 -g3   conftest.c -ltre -lm  >&5
conftest.c:78: warning: conflicting types for built-in function 'strstr'
configure:7850: $? = 0
configure:7857: test -z "$ac_c_werror_flag" || test ! -s conftest.err
configure:7860: $? = 0
configure:7867: test -s conftest
configure:7870: $? = 0
configure:7884: result: yes
configure:7898: checking for strmov
configure:7954: gcc -o conftest -O0 -g3   conftest.c -ltre -lm  >&5
/tmp/cc8VOIs4.o: In function `main':
/home/ger/prj/3actual/crm114/conftest.c:90: undefined reference to `strmov'
collect2: ld returned 1 exit status
configure:7960: $? = 1
configure: failed program was:
| /* confdefs.h.  */
| #define PACKAGE_NAME "CRM114"
| #define PACKAGE_TARNAME "crm114"
| #define PACKAGE_VERSION "20040627-BlameSeifkes-auto.1"
| #define PACKAGE_STRING "CRM114 20040627-BlameSeifkes-auto.1"
| #define PACKAGE_BUGREPORT "crm114-general@lists.sourceforge.net"
| #define PACKAGE "crm114"
| #define VERSION "20040627-BlameSeifkes-auto.1"
| #define _GNU_SOURCE 1
| #define HOSTTYPE "linux-gnu"
| #define HAVE_LIBM 1
| #define HAVE_LIBTRE 1
| #define HAVE_DIRENT_H 1
| #define STDC_HEADERS 1
| #define HAVE_SYS_WAIT_H 1
| #define HAVE_SYS_TYPES_H 1
| #define HAVE_SYS_STAT_H 1
| #define HAVE_STDLIB_H 1
| #define HAVE_STRING_H 1
| #define HAVE_MEMORY_H 1
| #define HAVE_STRINGS_H 1
| #define HAVE_INTTYPES_H 1
| #define HAVE_STDINT_H 1
| #define HAVE_UNISTD_H 1
| #define HAVE_FCNTL_H 1
| #define HAVE_FLOAT_H 1
| #define HAVE_STDLIB_H 1
| #define HAVE_STRING_H 1
| #define HAVE_UNISTD_H 1
| #define HAVE__BOOL 1
| #define HAVE_STDBOOL_H 1
| #define HAVE_FORK 1
| #define HAVE_VFORK 1
| #define HAVE_WORKING_VFORK 1
| #define HAVE_WORKING_FORK 1
| #define HAVE_STDLIB_H 1
| #define HAVE_MALLOC 1
| #define HAVE_STDLIB_H 1
| #define HAVE_UNISTD_H 1
| #define HAVE_GETPAGESIZE 1
| #define HAVE_MMAP 1
| #define PROTOTYPES 1
| #define __PROTOTYPES 1
| #define LSTAT_FOLLOWS_SLASHED_SYMLINK 1
| #define HAVE_DUP2 1
| #define HAVE_FLOOR 1
| #define HAVE_MEMCHR 1
| #define HAVE_MEMMOVE 1
| #define HAVE_MUNMAP 1
| #define HAVE_STRCASECMP 1
| #define HAVE_STRCSPN 1
| #define HAVE_STRDUP 1
| #define HAVE_STRNCASECMP 1
| #define HAVE_STRSTR 1
| /* end confdefs.h.  */
| /* Define strmov to an innocuous variant, in case <limits.h> declares strmov.
|    For example, HP-UX 11i <limits.h> declares gettimeofday.  */
| #define strmov innocuous_strmov
| 
| /* System header to define __stub macros and hopefully few prototypes,
|     which can conflict with char strmov (); below.
|     Prefer <limits.h> to <assert.h> if __STDC__ is defined, since
|     <limits.h> exists even on freestanding compilers.  */
| 
| #ifdef __STDC__
| # include <limits.h>
| #else
| # include <assert.h>
| #endif
| 
| #undef strmov
| 
| /* Override any GCC internal prototype to avoid an error.
|    Use char because int might match the return type of a GCC
|    builtin and then its argument prototype would still apply.  */
| #ifdef __cplusplus
| extern "C"
| #endif
| char strmov ();
| /* The GNU C library defines this for functions which it implements
|     to always fail with ENOSYS.  Some functions are actually named
|     something starting with __ and the normal name is an alias.  */
| #if defined __stub_strmov || defined __stub___strmov
| choke me
| #endif
| 
| int
| main ()
| {
| return strmov ();
|   ;
|   return 0;
| }
configure:7994: result: no
configure:8154: creating ./config.status

## ---------------------- ##
## Running config.status. ##
## ---------------------- ##

This file was extended by CRM114 config.status 20040627-BlameSeifkes-auto.1, which was
generated by GNU Autoconf 2.60.  Invocation command line was

  CONFIG_FILES    = 
  CONFIG_HEADERS  = 
  CONFIG_LINKS    = 
  CONFIG_COMMANDS = 
  $ ./config.status 

on Debbie

config.status:689: creating Makefile
config.status:689: creating crm114.lsm
config.status:689: creating docs/Makefile
config.status:689: creating examples/Makefile
config.status:689: creating examples/pad.crm
config.status:689: creating examples/shroud.crm
config.status:689: creating mailfilter/Makefile
config.status:689: creating mailfilter/classifymail.crm
config.status:689: creating mailfilter/mailfilter.crm
config.status:689: creating mailfilter/rewriteutil.crm
config.status:689: creating mailfilter/unionintersecttest.crm
config.status:689: creating man/Makefile
config.status:689: creating man/include.zmm
config.status:689: creating src/Makefile
config.status:689: creating tests/Makefile
config.status:689: creating tests/aliustest.crm
config.status:689: creating tests/approxtest.crm
config.status:689: creating tests/argtest.crm
config.status:689: creating tests/backwardstest.crm
config.status:689: creating tests/beeptest.crm
config.status:689: creating tests/bracktest.crm
config.status:689: creating tests/classifytest.crm
config.status:689: creating tests/escapetest.crm
config.status:689: creating tests/eval_infiniteloop.crm
config.status:689: creating tests/exectest.crm
config.status:689: creating tests/fataltraptest.crm
config.status:689: creating tests/inserttest_a.crm
config.status:689: creating tests/inserttest_b.crm
config.status:689: creating tests/inserttest_c.crm
config.status:689: creating tests/learntest.crm
config.status:689: creating tests/match_isolate_test.crm
config.status:689: creating tests/matchtest.crm
config.status:689: creating tests/mathalgtest.crm
config.status:689: creating tests/mathrpntest.crm
config.status:689: creating tests/nestaliustest.crm
config.status:689: creating tests/overalterisolatedtest.crm
config.status:689: creating tests/paolo_overvars.crm
config.status:689: creating tests/randomiotest.crm
config.status:689: creating tests/rewritetest.crm
config.status:689: creating tests/skudtest.crm
config.status:689: creating tests/statustest.crm
config.status:689: creating tests/traptest.crm
config.status:689: creating tests/uncaughttraptest.crm
config.status:689: creating tests/unionintersecttest.crm
config.status:689: creating tests/userdirtest.crm
config.status:689: creating tests/windowtest.crm
config.status:689: creating tests/windowtest_fromvar.crm
config.status:689: creating src/config.h
config.status:953: src/config.h is unchanged
config.status:999: executing depfiles commands

## ---------------- ##
## Cache variables. ##
## ---------------- ##

ac_cv_build=x86_64-suse-linux-gnu
ac_cv_c_compiler_gnu=yes
ac_cv_c_const=yes
ac_cv_c_inline=inline
ac_cv_env_CC_set=
ac_cv_env_CC_value=
ac_cv_env_CFLAGS_set=set
ac_cv_env_CFLAGS_value='-O0 -g3'
ac_cv_env_CPPFLAGS_set=
ac_cv_env_CPPFLAGS_value=
ac_cv_env_CPP_set=
ac_cv_env_CPP_value=
ac_cv_env_LDFLAGS_set=
ac_cv_env_LDFLAGS_value=
ac_cv_env_build_alias_set=
ac_cv_env_build_alias_value=
ac_cv_env_host_alias_set=
ac_cv_env_host_alias_value=
ac_cv_env_target_alias_set=
ac_cv_env_target_alias_value=
ac_cv_func_dup2=yes
ac_cv_func_floor=yes
ac_cv_func_fork=yes
ac_cv_func_fork_works=yes
ac_cv_func_getpagesize=yes
ac_cv_func_lstat_dereferences_slashed_symlink=yes
ac_cv_func_malloc_0_nonnull=yes
ac_cv_func_memchr=yes
ac_cv_func_memcmp_working=yes
ac_cv_func_memmove=yes
ac_cv_func_mmap_fixed_mapped=yes
ac_cv_func_munmap=yes
ac_cv_func_setvbuf_reversed=no
ac_cv_func_stat_empty_string_bug=no
ac_cv_func_strcasecmp=yes
ac_cv_func_strcspn=yes
ac_cv_func_strdup=yes
ac_cv_func_strmov=no
ac_cv_func_strncasecmp=yes
ac_cv_func_strstr=yes
ac_cv_func_vfork=yes
ac_cv_func_vfork_works=yes
ac_cv_header_dirent_dirent_h=yes
ac_cv_header_fcntl_h=yes
ac_cv_header_float_h=yes
ac_cv_header_inttypes_h=yes
ac_cv_header_memory_h=yes
ac_cv_header_stdbool_h=yes
ac_cv_header_stdc=yes
ac_cv_header_stdint_h=yes
ac_cv_header_stdlib_h=yes
ac_cv_header_string_h=yes
ac_cv_header_strings_h=yes
ac_cv_header_sys_stat_h=yes
ac_cv_header_sys_types_h=yes
ac_cv_header_sys_wait_h=yes
ac_cv_header_unistd_h=yes
ac_cv_header_vfork_h=no
ac_cv_host=x86_64-suse-linux-gnu
ac_cv_lib_error_at_line=yes
ac_cv_lib_m_matherr=yes
ac_cv_lib_tre_regcomp=yes
ac_cv_objext=o
ac_cv_path_EGREP='/usr/bin/grep -E'
ac_cv_path_GREP=/usr/bin/grep
ac_cv_path_install='/usr/bin/install -c'
ac_cv_prog_AWK=gawk
ac_cv_prog_CPP='gcc -E'
ac_cv_prog_ac_ct_CC=gcc
ac_cv_prog_ac_ct_RANLIB=ranlib
ac_cv_prog_cc_c89=
ac_cv_prog_cc_g=yes
ac_cv_prog_make_make_set=yes
ac_cv_search_opendir='none required'
ac_cv_type__Bool=yes
ac_cv_type_pid_t=yes
ac_cv_type_size_t=yes
am_cv_CC_dependencies_compiler_type=gcc3

## ----------------- ##
## Output variables. ##
## ----------------- ##

ACLOCAL='${SHELL} /home/ger/prj/3actual/crm114/m4/missing --run aclocal-1.9'
AMDEPBACKSLASH='\'
AMDEP_FALSE='#'
AMDEP_TRUE=''
AMTAR='${SHELL} /home/ger/prj/3actual/crm114/m4/missing --run tar'
AM_CFLAGS=''
AM_LDFLAGS=''
AUTOCONF='${SHELL} /home/ger/prj/3actual/crm114/m4/missing --run autoconf'
AUTOHEADER='${SHELL} /home/ger/prj/3actual/crm114/m4/missing --run autoheader'
AUTOMAKE='${SHELL} /home/ger/prj/3actual/crm114/m4/missing --run automake-1.9'
AWK='gawk'
BIN_PATH='/usr/local/bin'
CC='gcc'
CCDEPMODE='depmode=gcc3'
CFLAGS='-O0 -g3'
CPP='gcc -E'
CPPFLAGS=''
CRM_GNU_REGEX_FALSE=''
CRM_GNU_REGEX_TRUE='#'
CYGPATH_W='echo'
DEFS='-DHAVE_CONFIG_H'
DEPDIR='.deps'
ECHO_C=''
ECHO_N='-n'
ECHO_T=''
EGREP='/usr/bin/grep -E'
EXEEXT=''
GREP='/usr/bin/grep'
INSTALLFLAGS=''
INSTALL_DATA='${INSTALL} -m 644'
INSTALL_PROGRAM='${INSTALL}'
INSTALL_SCRIPT='${INSTALL}'
INSTALL_STRIP_PROGRAM='${SHELL} $(install_sh) -c -s'
ISODATE='2007-07-30'
LDFLAGS=''
LIBOBJS=''
LIBS='-ltre -lm '
LN_S='ln -s'
LTLIBOBJS=''
MAINT='#'
MAINTAINER_MODE_FALSE=''
MAINTAINER_MODE_TRUE='#'
MAKEINFO='${SHELL} /home/ger/prj/3actual/crm114/m4/missing --run makeinfo'
OBJEXT='o'
PACKAGE='crm114'
PACKAGE_BUGREPORT='crm114-general@lists.sourceforge.net'
PACKAGE_NAME='CRM114'
PACKAGE_STRING='CRM114 20040627-BlameSeifkes-auto.1'
PACKAGE_TARNAME='crm114'
PACKAGE_VERSION='20040627-BlameSeifkes-auto.1'
PATH_SEPARATOR=':'
RANLIB='ranlib'
SET_MAKE=''
SHELL='/bin/sh'
STRIP=''
VERSION='20040627-BlameSeifkes-auto.1'
ac_ct_CC='gcc'
am__fastdepCC_FALSE='#'
am__fastdepCC_TRUE=''
am__include='include'
am__leading_dot='.'
am__quote=''
am__tar='${AMTAR} chof - "$$tardir"'
am__untar='${AMTAR} xf -'
bindir='${exec_prefix}/bin'
build='x86_64-suse-linux-gnu'
build_alias=''
build_cpu='x86_64'
build_os='linux-gnu'
build_vendor='suse'
datadir='${datarootdir}'
datarootdir='${prefix}/share'
docdir='${datarootdir}/doc/${PACKAGE_TARNAME}'
dvidir='${docdir}'
exec_prefix='${prefix}'
host='x86_64-suse-linux-gnu'
host_alias=''
host_cpu='x86_64'
host_os='linux-gnu'
host_vendor='suse'
htmldir='${docdir}'
includedir='${prefix}/include'
infodir='${datarootdir}/info'
install_sh='/home/ger/prj/3actual/crm114/m4/install-sh'
libdir='${exec_prefix}/lib'
libexecdir='${exec_prefix}/libexec'
localedir='${datarootdir}/locale'
localstatedir='${prefix}/var'
mandir='${datarootdir}/man'
mkdir_p='mkdir -p --'
oldincludedir='/usr/include'
pdfdir='${docdir}'
prefix='/usr/local'
program_transform_name='s,x,x,'
psdir='${docdir}'
sbindir='${exec_prefix}/sbin'
sharedstatedir='${prefix}/com'
sysconfdir='${prefix}/etc'
target_alias=''

## ----------- ##
## confdefs.h. ##
## ----------- ##

#define PACKAGE_NAME "CRM114"
#define PACKAGE_TARNAME "crm114"
#define PACKAGE_VERSION "20040627-BlameSeifkes-auto.1"
#define PACKAGE_STRING "CRM114 20040627-BlameSeifkes-auto.1"
#define PACKAGE_BUGREPORT "crm114-general@lists.sourceforge.net"
#define PACKAGE "crm114"
#define VERSION "20040627-BlameSeifkes-auto.1"
#define _GNU_SOURCE 1
#define HOSTTYPE "linux-gnu"
#define HAVE_LIBM 1
#define HAVE_LIBTRE 1
#define HAVE_DIRENT_H 1
#define STDC_HEADERS 1
#define HAVE_SYS_WAIT_H 1
#define HAVE_SYS_TYPES_H 1
#define HAVE_SYS_STAT_H 1
#define HAVE_STDLIB_H 1
#define HAVE_STRING_H 1
#define HAVE_MEMORY_H 1
#define HAVE_STRINGS_H 1
#define HAVE_INTTYPES_H 1
#define HAVE_STDINT_H 1
#define HAVE_UNISTD_H 1
#define HAVE_FCNTL_H 1
#define HAVE_FLOAT_H 1
#define HAVE_STDLIB_H 1
#define HAVE_STRING_H 1
#define HAVE_UNISTD_H 1
#define HAVE__BOOL 1
#define HAVE_STDBOOL_H 1
#define HAVE_FORK 1
#define HAVE_VFORK 1
#define HAVE_WORKING_VFORK 1
#define HAVE_WORKING_FORK 1
#define HAVE_STDLIB_H 1
#define HAVE_MALLOC 1
#define HAVE_STDLIB_H 1
#define HAVE_UNISTD_H 1
#define HAVE_GETPAGESIZE 1
#define HAVE_MMAP 1
#define PROTOTYPES 1
#define __PROTOTYPES 1
#define LSTAT_FOLLOWS_SLASHED_SYMLINK 1
#define HAVE_DUP2 1
#define HAVE_FLOOR 1
#define HAVE_MEMCHR 1
#define HAVE_MEMMOVE 1
#define HAVE_MUNMAP 1
#define HAVE_STRCASECMP 1
#define HAVE_STRCSPN 1
#define HAVE_STRDUP 1
#define HAVE_STRNCASECMP 1
#define HAVE_STRSTR 1

configure: exit 0
